<?xml version="1.0" encoding="UTF-8"?>
<testExecutions version="1">
  <file path="/home/soumbr/Documents/blinkist/src/components/atoms/logo/Logo.test.tsx">
    <testCase name="renders a logo" duration="40"/>
  </file>
  <file path="/home/soumbr/Documents/blinkist/src/components/atoms/avatar/AvatarIcon.test.tsx">
    <testCase name="renders a avatarw" duration="43"/>
  </file>
</testExecutions>