<?xml version="1.0" encoding="UTF-8"?>
<testExecutions version="1">
  <file path="/home/soumbr/Documents/blinkist/src/components/molecule/bookViewPageTab/BookViewPageTab.test.tsx">
    <testCase name="render a tab" duration="1202"/>
  </file>
  <file path="/home/soumbr/Documents/blinkist/src/components/molecule/tab/ListTabs.test.tsx">
    <testCase name="render a tab" duration="977"/>
  </file>
  <file path="/home/soumbr/Documents/blinkist/src/components/molecule/bannner/Banner.test.tsx">
    <testCase name="Banner renders a banner title" duration="243"/>
    <testCase name="Banner renders a banner sub text" duration="56"/>
    <testCase name="Banner renders a banner image" duration="52"/>
  </file>
  <file path="/home/soumbr/Documents/blinkist/src/components/organisms/footer/Footer.test.tsx">
    <testCase name="render a nav items" duration="582"/>
  </file>
  <file path="/home/soumbr/Documents/blinkist/src/components/molecule/card/BookCard.test.tsx">
    <testCase name="Book Card render a currently reading book" duration="366"/>
    <testCase name="Book Card render a finished reading book" duration="152"/>
    <testCase name="Book Card render a explore book" duration="289"/>
  </file>
  <file path="/home/soumbr/Documents/blinkist/src/components/organisms/explore/Explore.test.tsx">
    <testCase name="Explore render a expand less" duration="373"/>
    <testCase name="Explore render a expand more" duration="769"/>
    <testCase name="Explore render a backdrop onclick" duration="86"/>
  </file>
  <file path="/home/soumbr/Documents/blinkist/src/components/molecule/customButton/CustomButton.test.tsx">
    <testCase name="renders a avatarw" duration="466"/>
  </file>
  <file path="/home/soumbr/Documents/blinkist/src/components/organisms/footer/nav item/NavItem.test.tsx">
    <testCase name="render a nav items" duration="311"/>
  </file>
  <file path="/home/soumbr/Documents/blinkist/src/components/atoms/avatar/AvatarIcon.test.tsx">
    <testCase name="renders a avatarw" duration="175"/>
  </file>
  <file path="/home/soumbr/Documents/blinkist/src/page/bookViewPage/BookViewPage.test.tsx">
    <testCase name="render a book view page" duration="1323"/>
  </file>
  <file path="/home/soumbr/Documents/blinkist/src/components/organisms/footer/nav section/NavSection.test.tsx">
    <testCase name="render a nav items" duration="218"/>
  </file>
  <file path="/home/soumbr/Documents/blinkist/src/components/organisms/searchInput/SearchInput.test.tsx">
    <testCase name="render a header" duration="437"/>
  </file>
  <file path="/home/soumbr/Documents/blinkist/src/components/organisms/header/Header.test.tsx">
    <testCase name="render a header" duration="520"/>
  </file>
  <file path="/home/soumbr/Documents/blinkist/src/components/atoms/logo/Logo.test.tsx">
    <testCase name="renders a logo" duration="72"/>
  </file>
  <file path="/home/soumbr/Documents/blinkist/src/components/atoms/typography/TypographyTag.test.tsx">
    <testCase name="renders a typography tag" duration="108"/>
  </file>
</testExecutions>