<?xml version="1.0" encoding="UTF-8"?>
<testExecutions version="1">
  <file path="/home/soumbr/Documents/blinkist/src/components/atoms/avatar/AvatarIcon.test.tsx">
  </file>
  <file path="/home/soumbr/Documents/blinkist/src/components/atoms/logo/Logo.test.tsx">
  </file>
</testExecutions>